INFO [2026-01-07 13:48:20] $x
INFO [2026-01-07 13:48:20] list(`Feb→Jun` = seasonal_result$feb_jun_genes, `Jun→Aug` = seasonal_result$jun_aug_genes, 
INFO [2026-01-07 13:48:20]     `Feb→Aug` = seasonal_result$feb_aug_genes)
INFO [2026-01-07 13:48:20] 
INFO [2026-01-07 13:48:20] $category.names
INFO [2026-01-07 13:48:20] c("Feb→Jun", "Jun→Aug", "Feb→Aug")
INFO [2026-01-07 13:48:20] 
INFO [2026-01-07 13:48:20] $filename
INFO [2026-01-07 13:48:20] NULL
INFO [2026-01-07 13:48:20] 
INFO [2026-01-07 13:48:20] $output
INFO [2026-01-07 13:48:20] [1] TRUE
INFO [2026-01-07 13:48:20] 
INFO [2026-01-07 13:48:20] $fill
INFO [2026-01-07 13:48:20] c("#E41A1C", "#377EB8", "#4DAF4A")
INFO [2026-01-07 13:48:20] 
INFO [2026-01-07 13:48:20] $alpha
INFO [2026-01-07 13:48:20] [1] 0.5
INFO [2026-01-07 13:48:20] 
INFO [2026-01-07 13:48:20] $cex
INFO [2026-01-07 13:48:20] [1] 1.5
INFO [2026-01-07 13:48:20] 
INFO [2026-01-07 13:48:20] $cat.cex
INFO [2026-01-07 13:48:20] [1] 1.5
INFO [2026-01-07 13:48:20] 
INFO [2026-01-07 13:48:20] $cat.fontface
INFO [2026-01-07 13:48:20] [1] "bold"
INFO [2026-01-07 13:48:20] 
INFO [2026-01-07 13:48:20] $main
INFO [2026-01-07 13:48:20] paste(toupper(category), "Genes: Seasonal Overlap")
INFO [2026-01-07 13:48:20] 
INFO [2026-01-07 13:48:20] $main.cex
INFO [2026-01-07 13:48:20] [1] 1.8
INFO [2026-01-07 13:48:20] 
